# JRE version: OpenJDK Runtime Environment Corretto-17.0.6.10.1 (17.0.6+10) (build 17.0.6+10-LTS)
# Java VM: OpenJDK 64-Bit Server VM Corretto-17.0.6.10.1 (17.0.6+10-LTS, mixed mode, sharing, tiered, compressed oops, compressed class ptrs, g1 gc, windows-amd64)
GC Precious Log:
 CPUs: 4 total, 4 available
 Memory: 3960M
 Large Page Support: Disabled
 NUMA Support: Disabled
 Compressed Oops: Enabled (32-bit)
 Heap Region Size: 1M
 Heap Min Capacity: 256M
 Heap Initial Capacity: 256M
 Heap Max Capacity: 512M
 Pre-touch: Disabled
 Parallel Workers: 4
 Concurrent Workers: 1
 Concurrent Refinement Workers: 4
 Periodic GC: Disabled
Heap:
 garbage-first heap   total 262144K, used 71455K [0x00000000e0000000, 0x0000000100000000)
  region size 1024K, 30 young (30720K), 2 survivors (2048K)
 Metaspace       used 57500K, committed 58112K, reserved 270336K
  class space    used 8163K, committed 8448K, reserved 212992K
GC Heap History (18 events):
Event: 2.097 GC heap before
{Heap before GC invocations=0 (full 0):
 garbage-first heap   total 262144K, used 13312K [0x00000000e0000000, 0x0000000100000000)
  region size 1024K, 13 young (13312K), 0 survivors (0K)
 Metaspace       used 962K, committed 1088K, reserved 221184K
  class space    used 75K, committed 128K, reserved 212992K
}
Event: 2.108 GC heap after
{Heap after GC invocations=1 (full 0):
 garbage-first heap   total 262144K, used 3608K [0x00000000e0000000, 0x0000000100000000)
  region size 1024K, 2 young (2048K), 2 survivors (2048K)
 Metaspace       used 962K, committed 1088K, reserved 221184K
  class space    used 75K, committed 128K, reserved 212992K
}
Event: 3.255 GC heap before
{Heap before GC invocations=1 (full 0):
 garbage-first heap   total 262144K, used 23064K [0x00000000e0000000, 0x0000000100000000)
  region size 1024K, 17 young (17408K), 2 survivors (2048K)
 Metaspace       used 3820K, committed 3968K, reserved 221184K
  class space    used 476K, committed 576K, reserved 212992K
}
Event: 3.262 GC heap after
{Heap after GC invocations=2 (full 0):
 garbage-first heap   total 262144K, used 10427K [0x00000000e0000000, 0x0000000100000000)
  region size 1024K, 3 young (3072K), 3 survivors (3072K)
 Metaspace       used 3820K, committed 3968K, reserved 221184K
  class space    used 476K, committed 576K, reserved 212992K
}
Event: 3.983 GC heap before
{Heap before GC invocations=2 (full 0):
 garbage-first heap   total 262144K, used 31931K [0x00000000e0000000, 0x0000000100000000)
  region size 1024K, 24 young (24576K), 3 survivors (3072K)
 Metaspace       used 3915K, committed 4096K, reserved 221184K
  class space    used 476K, committed 576K, reserved 212992K
}
Event: 3.988 GC heap after
{Heap after GC invocations=3 (full 0):
 garbage-first heap   total 262144K, used 12707K [0x00000000e0000000, 0x0000000100000000)
  region size 1024K, 3 young (3072K), 3 survivors (3072K)
 Metaspace       used 3915K, committed 4096K, reserved 221184K
  class space    used 476K, committed 576K, reserved 212992K
}
Event: 9.881 GC heap before
{Heap before GC invocations=3 (full 0):
 garbage-first heap   total 262144K, used 116131K [0x00000000e0000000, 0x0000000100000000)
  region size 1024K, 105 young (107520K), 3 survivors (3072K)
 Metaspace       used 21157K, committed 21504K, reserved 237568K
  class space    used 3157K, committed 3264K, reserved 212992K
}
Event: 9.901 GC heap after
{Heap after GC invocations=4 (full 0):
 garbage-first heap   total 262144K, used 22201K [0x00000000e0000000, 0x0000000100000000)
  region size 1024K, 12 young (12288K), 12 survivors (12288K)
 Metaspace       used 21157K, committed 21504K, reserved 237568K
  class space    used 3157K, committed 3264K, reserved 212992K
}
Event: 13.484 GC heap before
{Heap before GC invocations=5 (full 0):
 garbage-first heap   total 262144K, used 123577K [0x00000000e0000000, 0x0000000100000000)
  region size 1024K, 109 young (111616K), 12 survivors (12288K)
 Metaspace       used 35667K, committed 36096K, reserved 245760K
  class space    used 4894K, committed 5120K, reserved 212992K
}
Event: 13.528 GC heap after
{Heap after GC invocations=6 (full 0):
 garbage-first heap   total 262144K, used 32375K [0x00000000e0000000, 0x0000000100000000)
  region size 1024K, 10 young (10240K), 10 survivors (10240K)
 Metaspace       used 35667K, committed 36096K, reserved 245760K
  class space    used 4894K, committed 5120K, reserved 212992K
}
Event: 13.625 GC heap before
{Heap before GC invocations=6 (full 0):
 garbage-first heap   total 262144K, used 34423K [0x00000000e0000000, 0x0000000100000000)
  region size 1024K, 12 young (12288K), 10 survivors (10240K)
 Metaspace       used 35865K, committed 36288K, reserved 245760K
  class space    used 4917K, committed 5120K, reserved 212992K
}
Event: 13.643 GC heap after
{Heap after GC invocations=7 (full 0):
 garbage-first heap   total 262144K, used 31650K [0x00000000e0000000, 0x0000000100000000)
  region size 1024K, 2 young (2048K), 2 survivors (2048K)
 Metaspace       used 35865K, committed 36288K, reserved 245760K
  class space    used 4917K, committed 5120K, reserved 212992K
}
Event: 13.705 GC heap before
{Heap before GC invocations=7 (full 0):
 garbage-first heap   total 262144K, used 32674K [0x00000000e0000000, 0x0000000100000000)
  region size 1024K, 4 young (4096K), 2 survivors (2048K)
 Metaspace       used 36046K, committed 36416K, reserved 245760K
  class space    used 4947K, committed 5120K, reserved 212992K
}
Event: 13.709 GC heap after
{Heap after GC invocations=8 (full 0):
 garbage-first heap   total 262144K, used 30653K [0x00000000e0000000, 0x0000000100000000)
  region size 1024K, 1 young (1024K), 1 survivors (1024K)
 Metaspace       used 36046K, committed 36416K, reserved 245760K
  class space    used 4947K, committed 5120K, reserved 212992K
}
Event: 19.197 GC heap before
{Heap before GC invocations=9 (full 0):
 garbage-first heap   total 262144K, used 174013K [0x00000000e0000000, 0x0000000100000000)
  region size 1024K, 141 young (144384K), 1 survivors (1024K)
 Metaspace       used 55674K, committed 56256K, reserved 262144K
  class space    used 7908K, committed 8192K, reserved 212992K
}
Event: 19.242 GC heap after
{Heap after GC invocations=10 (full 0):
 garbage-first heap   total 262144K, used 42650K [0x00000000e0000000, 0x0000000100000000)
  region size 1024K, 13 young (13312K), 13 survivors (13312K)
 Metaspace       used 55674K, committed 56256K, reserved 262144K
  class space    used 7908K, committed 8192K, reserved 212992K
}
Event: 19.272 GC heap before
{Heap before GC invocations=10 (full 0):
 garbage-first heap   total 262144K, used 43674K [0x00000000e0000000, 0x0000000100000000)
  region size 1024K, 14 young (14336K), 13 survivors (13312K)
 Metaspace       used 55680K, committed 56256K, reserved 262144K
  class space    used 7909K, committed 8192K, reserved 212992K
}
Event: 19.309 GC heap after
{Heap after GC invocations=11 (full 0):
 garbage-first heap   total 262144K, used 43807K [0x00000000e0000000, 0x0000000100000000)
  region size 1024K, 2 young (2048K), 2 survivors (2048K)
 Metaspace       used 55680K, committed 56256K, reserved 262144K
  class space    used 7909K, committed 8192K, reserved 212992K
}

